<?xml version="1.0" encoding="UTF-8"?>
<!-- Generated by org.testng.reporters.JUnitXMLReporter -->
<testsuite hostname="LAPTOP-LLDHAE7F" ignored="0" name="Default test" tests="3" failures="0" timestamp="2021-08-03T18:31:08 IST" time="26.094" errors="0">
  <testcase name="doLogin" time="25.587" classname="grid.TestParallelDataProvider"/>
  <testcase name="doLogin" time="25.826" classname="grid.TestParallelDataProvider"/>
  <testcase name="doLogin" time="25.972" classname="grid.TestParallelDataProvider"/>
</testsuite> <!-- Default test -->
