<?xml version="1.0" encoding="UTF-8"?>
<testng-results skipped="0" failed="0" ignored="0" total="3" passed="3">
  <reporter-output>
  </reporter-output>
  <suite name="Default suite" duration-ms="26094" started-at="2021-08-03T18:30:42 IST" finished-at="2021-08-03T18:31:08 IST">
    <groups>
    </groups>
    <test name="Default test" duration-ms="26094" started-at="2021-08-03T18:30:42 IST" finished-at="2021-08-03T18:31:08 IST">
      <class name="grid.TestParallelDataProvider">
        <test-method status="PASS" signature="doLogin(java.lang.String,java.lang.String)[pri:0, instance:grid.TestParallelDataProvider@1d31475]" name="doLogin" duration-ms="25972" started-at="2021-08-03T18:30:42 IST" data-provider="testdata" finished-at="2021-08-03T18:31:08 IST">
          <params>
            <param index="0">
              <value>
                <![CDATA[sharmasd@gmail.com]]>
              </value>
            </param>
            <param index="1">
              <value>
                <![CDATA[chrome]]>
              </value>
            </param>
          </params>
          <reporter-output>
          </reporter-output>
        </test-method> <!-- doLogin -->
        <test-method status="PASS" signature="doLogin(java.lang.String,java.lang.String)[pri:0, instance:grid.TestParallelDataProvider@1d31475]" name="doLogin" duration-ms="25587" started-at="2021-08-03T18:30:42 IST" data-provider="testdata" finished-at="2021-08-03T18:31:08 IST">
          <params>
            <param index="0">
              <value>
                <![CDATA[sahil.sharma441@gmail.com]]>
              </value>
            </param>
            <param index="1">
              <value>
                <![CDATA[chrome]]>
              </value>
            </param>
          </params>
          <reporter-output>
          </reporter-output>
        </test-method> <!-- doLogin -->
        <test-method status="PASS" signature="doLogin(java.lang.String,java.lang.String)[pri:0, instance:grid.TestParallelDataProvider@1d31475]" name="doLogin" duration-ms="25826" started-at="2021-08-03T18:30:42 IST" data-provider="testdata" finished-at="2021-08-03T18:31:08 IST">
          <params>
            <param index="0">
              <value>
                <![CDATA[sharmasd0786@gmail.com]]>
              </value>
            </param>
            <param index="1">
              <value>
                <![CDATA[chrome]]>
              </value>
            </param>
          </params>
          <reporter-output>
          </reporter-output>
        </test-method> <!-- doLogin -->
      </class> <!-- grid.TestParallelDataProvider -->
    </test> <!-- Default test -->
  </suite> <!-- Default suite -->
</testng-results>
